<?xml version="1.0" encoding="UTF-8"?>
<testng-results ignored="0" total="1" passed="1" failed="0" skipped="0">
  <reporter-output>
  </reporter-output>
  <suite started-at="2020-04-28T15:27:28 IST" name="Surefire suite" finished-at="2020-04-28T15:28:16 IST" duration-ms="47076">
    <groups>
    </groups>
    <test started-at="2020-04-28T15:27:28 IST" name="Surefire test" finished-at="2020-04-28T15:28:16 IST" duration-ms="47076">
      <class name="testCase.TestsClass">
        <test-method signature="startExecution()[pri:0, instance:testCase.TestsClass@4f18837a]" started-at="2020-04-28T15:27:29 IST" name="startExecution" finished-at="2020-04-28T15:28:16 IST" duration-ms="46938" status="PASS">
          <reporter-output>
          </reporter-output>
        </test-method> <!-- startExecution -->
      </class> <!-- testCase.TestsClass -->
    </test> <!-- Surefire test -->
  </suite> <!-- Surefire suite -->
</testng-results>
